<?xml version="1.0" encoding="UTF-8"?>
<!-- Generated by org.testng.reporters.JUnitXMLReporter -->
<testsuite ignored="0" hostname="DESKTOP-BQ0P0UJ" failures="1" tests="2" name="Free CRM Application Test Cases" time="3.855" errors="0" timestamp="2023-03-20T20:35:41 IST">
  <testcase classname="tests.GetUsersList" name="getUsersListTest" time="2.393"/>
  <testcase classname="tests.CreateUser" name="createUserTest" time="0.655">
    <failure type="java.lang.AssertionError" message="The following asserts failed:
	expected [lp] but found [null],
	expected [haxor] but found [null]">
      <![CDATA[java.lang.AssertionError: The following asserts failed:
expected [lp] but found [null],
expected [haxor] but found [null]
at tests.CreateUser.createUserTest(CreateUser.java:26)
at java.base/java.util.ArrayList.forEach(ArrayList.java:1511)
... Removed 33 stack frames]]>
    </failure>
  </testcase> <!-- createUserTest -->
</testsuite> <!-- Free CRM Application Test Cases -->
